<?xml version="1.0" encoding="UTF-8"?>
<!-- Generated by org.testng.reporters.JUnitReportReporter -->
<testsuite hostname="Shibu" failures="0" tests="1" name="general.GithubLogin" time="11.659" errors="0" timestamp="2019-12-01T00:16:52 IST" skipped="0">
  <testcase classname="general.GithubLogin" name="TC_001" time="11.659"/>
</testsuite> <!-- general.GithubLogin -->
